c:\users\jvanj\source\repos\mergesort\mergesort\debug\mergesort.pch.codeanalysis
c:\users\jvanj\source\repos\mergesort\mergesort\debug\vc141.pdb
c:\users\jvanj\source\repos\mergesort\mergesort\debug\vc141.idb
c:\users\jvanj\source\repos\mergesort\mergesort\debug\mergesort.pch.codeanalysisast
c:\users\jvanj\source\repos\mergesort\mergesort\debug\stdafx.nativecodeanalysis.xml
c:\users\jvanj\source\repos\mergesort\mergesort\debug\stdafx.obj
c:\users\jvanj\source\repos\mergesort\mergesort\debug\mergesort.nativecodeanalysis.xml
c:\users\jvanj\source\repos\mergesort\mergesort\debug\mergesort.obj
c:\users\jvanj\source\repos\mergesort\debug\mergesort.ilk
c:\users\jvanj\source\repos\mergesort\debug\mergesort.exe
c:\users\jvanj\source\repos\mergesort\debug\mergesort.pdb
c:\users\jvanj\source\repos\mergesort\mergesort\debug\nativecodeanalysis.read.1.tlog
c:\users\jvanj\source\repos\mergesort\mergesort\debug\vc.nativecodeanalysis.all.xml
c:\users\jvanj\source\repos\mergesort\debug\mergesort.exe.lastcodeanalysissucceeded
c:\users\jvanj\source\repos\mergesort\mergesort\debug\mergesort.tlog\cl.command.1.tlog
c:\users\jvanj\source\repos\mergesort\mergesort\debug\mergesort.tlog\cl.read.1.tlog
c:\users\jvanj\source\repos\mergesort\mergesort\debug\mergesort.tlog\cl.write.1.tlog
c:\users\jvanj\source\repos\mergesort\mergesort\debug\mergesort.tlog\link.command.1.tlog
c:\users\jvanj\source\repos\mergesort\mergesort\debug\mergesort.tlog\link.read.1.tlog
c:\users\jvanj\source\repos\mergesort\mergesort\debug\mergesort.tlog\link.write.1.tlog
